<?xml version="1.0" encoding="UTF-8"?>
<testng-results skipped="0" failed="1" ignored="1" total="2" passed="0">
  <reporter-output>
  </reporter-output>
  <suite name="Suite" duration-ms="33002" started-at="2022-02-17T22:34:41 IST" finished-at="2022-02-17T22:35:14 IST">
    <groups>
    </groups>
    <test name="Test" duration-ms="33002" started-at="2022-02-17T22:34:41 IST" finished-at="2022-02-17T22:35:14 IST">
      <class name="com.Test.VerifyPersonalDetails">
        <test-method status="PASS" signature="OpenBrowser()[pri:0, instance:com.Test.VerifyPersonalDetails@72057ecf]" name="OpenBrowser" is-config="true" duration-ms="15994" started-at="2022-02-17T22:34:41 IST" finished-at="2022-02-17T22:34:57 IST">
          <reporter-output>
          </reporter-output>
        </test-method> <!-- OpenBrowser -->
      </class> <!-- com.Test.VerifyPersonalDetails -->
      <class name="com.Test.VerifyLogin">
        <test-method status="PASS" signature="bs()[pri:0, instance:com.Test.VerifyLogin@20ce78ec]" name="bs" is-config="true" duration-ms="1016" started-at="2022-02-17T22:34:40 IST" finished-at="2022-02-17T22:34:41 IST">
          <reporter-output>
          </reporter-output>
        </test-method> <!-- bs -->
        <test-method status="PASS" signature="OpenBrowser()[pri:0, instance:com.Test.VerifyLogin@20ce78ec]" name="OpenBrowser" is-config="true" duration-ms="13679" started-at="2022-02-17T22:34:41 IST" finished-at="2022-02-17T22:34:54 IST">
          <reporter-output>
          </reporter-output>
        </test-method> <!-- OpenBrowser -->
        <test-method status="FAIL" signature="TC_001()[pri:0, instance:com.Test.VerifyLogin@20ce78ec]" name="TC_001" duration-ms="9368" started-at="2022-02-17T22:34:54 IST" finished-at="2022-02-17T22:35:04 IST">
          <exception class="java.lang.AssertionError">
            <message>
              <![CDATA[expected [true] but found [false]]]>
            </message>
            <full-stacktrace>
              <![CDATA[java.lang.AssertionError: expected [true] but found [false]
at org.testng.Assert.fail(Assert.java:99)
at org.testng.Assert.failNotEquals(Assert.java:1037)
at org.testng.Assert.assertEqualsImpl(Assert.java:140)
at org.testng.Assert.assertEquals(Assert.java:122)
at org.testng.Assert.assertEquals(Assert.java:819)
at org.testng.Assert.assertEquals(Assert.java:829)
at com.Test.VerifyLogin.TC_001(VerifyLogin.java:29)
at sun.reflect.NativeMethodAccessorImpl.invoke0(Native Method)
at sun.reflect.NativeMethodAccessorImpl.invoke(NativeMethodAccessorImpl.java:62)
at sun.reflect.DelegatingMethodAccessorImpl.invoke(DelegatingMethodAccessorImpl.java:43)
at java.lang.reflect.Method.invoke(Method.java:498)
at org.testng.internal.MethodInvocationHelper.invokeMethod(MethodInvocationHelper.java:133)
at org.testng.internal.TestInvoker.invokeMethod(TestInvoker.java:598)
at org.testng.internal.TestInvoker.invokeTestMethod(TestInvoker.java:173)
at org.testng.internal.MethodRunner.runInSequence(MethodRunner.java:46)
at org.testng.internal.TestInvoker$MethodInvocationAgent.invoke(TestInvoker.java:824)
at org.testng.internal.TestInvoker.invokeTestMethods(TestInvoker.java:146)
at org.testng.internal.TestMethodWorker.invokeTestMethods(TestMethodWorker.java:146)
at org.testng.internal.TestMethodWorker.run(TestMethodWorker.java:128)
at java.util.concurrent.ThreadPoolExecutor.runWorker(ThreadPoolExecutor.java:1149)
at java.util.concurrent.ThreadPoolExecutor$Worker.run(ThreadPoolExecutor.java:624)
at java.lang.Thread.run(Thread.java:748)
]]>
            </full-stacktrace>
          </exception> <!-- java.lang.AssertionError -->
          <reporter-output>
          </reporter-output>
        </test-method> <!-- TC_001 -->
        <test-method status="PASS" signature="TearDown()[pri:0, instance:com.Test.VerifyLogin@20ce78ec]" name="TearDown" is-config="true" duration-ms="5801" started-at="2022-02-17T22:35:04 IST" finished-at="2022-02-17T22:35:10 IST">
          <reporter-output>
          </reporter-output>
        </test-method> <!-- TearDown -->
      </class> <!-- com.Test.VerifyLogin -->
    </test> <!-- Test -->
  </suite> <!-- Suite -->
</testng-results>
